{
  message: 'db connected',
  level: 'info',
  label: 'PH',
  timestamp: '2023-06-16T09:44:05.406Z'
}
{
  message: 'Application listening on port 5000',
  level: 'info',
  label: 'PH',
  timestamp: '2023-06-16T09:44:05.443Z'
}
{
  message: 'db connected',
  level: 'info',
  label: 'PH',
  timestamp: '2023-06-16T09:45:26.315Z'
}
{
  message: 'Application listening on port 5000',
  level: 'info',
  label: 'PH',
  timestamp: '2023-06-16T09:45:26.348Z'
}
{
  message: 'db connected',
  level: 'info',
  label: 'PH',
  timestamp: '2023-06-16T09:46:16.732Z'
}
{
  message: 'Application listening on port 5000',
  level: 'info',
  label: 'PH',
  timestamp: '2023-06-16T09:46:16.767Z'
}
{
  message: 'db connected',
  level: 'info',
  label: 'PH',
  timestamp: '2023-06-16T09:46:52.253Z'
}
{
  message: 'Application listening on port 5000',
  level: 'info',
  label: 'PH',
  timestamp: '2023-06-16T09:46:52.284Z'
}
{
  message: 'db connected',
  level: 'info',
  label: 'PH',
  timestamp: '2023-06-16T09:47:55.148Z'
}
{
  message: 'Application listening on port 5000',
  level: 'info',
  label: 'PH',
  timestamp: '2023-06-16T09:47:55.158Z'
}
{
  message: 'db connected',
  level: 'info',
  label: 'PH',
  timestamp: '2023-06-16T09:48:20.268Z'
}
{
  message: 'Application listening on port 5000',
  level: 'info',
  label: 'PH',
  timestamp: '2023-06-16T09:48:20.302Z'
}
{
  message: 'db connected',
  level: 'info',
  label: 'PH',
  timestamp: '2023-06-16T09:49:49.554Z'
}
{
  message: 'Application listening on port 5000',
  level: 'info',
  label: 'PH',
  timestamp: '2023-06-16T09:49:49.590Z'
}
{
  message: 'db connected',
  level: 'info',
  label: 'PH',
  timestamp: '2023-06-16T09:51:23.911Z'
}
{
  message: 'Application listening on port 5000',
  level: 'info',
  label: 'PH',
  timestamp: '2023-06-16T09:51:23.951Z'
}
{
  message: 'db connected',
  level: 'info',
  label: 'PH',
  timestamp: '2023-06-16T09:56:55.275Z'
}
{
  message: 'Application listening on port 5000',
  level: 'info',
  label: 'PH',
  timestamp: '2023-06-16T09:56:55.343Z'
}
{
  message: 'db connected',
  level: 'info',
  label: 'PH',
  timestamp: '2023-06-16T09:57:43.104Z'
}
{
  message: 'Application listening on port 5000',
  level: 'info',
  label: 'PH',
  timestamp: '2023-06-16T09:57:43.137Z'
}
