{
  message: 'db connected',
  level: 'info',
  label: 'PH',
  timestamp: '2023-06-16T17:00:17.756Z'
}
{
  message: 'Application listening on port 5000',
  level: 'info',
  label: 'PH',
  timestamp: '2023-06-16T17:00:17.794Z'
}
{
  message: 'db connected',
  level: 'info',
  label: 'PH',
  timestamp: '2023-06-16T17:00:32.992Z'
}
{
  message: 'Application listening on port 5000',
  level: 'info',
  label: 'PH',
  timestamp: '2023-06-16T17:00:33.028Z'
}
{
  message: 'db connected',
  level: 'info',
  label: 'PH',
  timestamp: '2023-06-16T17:01:27.166Z'
}
{
  message: 'Application listening on port 5000',
  level: 'info',
  label: 'PH',
  timestamp: '2023-06-16T17:01:27.174Z'
}
{
  message: 'db connected',
  level: 'info',
  label: 'PH',
  timestamp: '2023-06-16T17:02:42.464Z'
}
{
  message: 'Application listening on port 5000',
  level: 'info',
  label: 'PH',
  timestamp: '2023-06-16T17:02:42.493Z'
}
{
  message: 'db connected',
  level: 'info',
  label: 'PH',
  timestamp: '2023-06-16T17:11:50.486Z'
}
{
  message: 'Application listening on port 5000',
  level: 'info',
  label: 'PH',
  timestamp: '2023-06-16T17:11:50.504Z'
}
{
  message: 'db connected',
  level: 'info',
  label: 'PH',
  timestamp: '2023-06-16T17:12:21.229Z'
}
{
  message: 'Application listening on port 5000',
  level: 'info',
  label: 'PH',
  timestamp: '2023-06-16T17:12:21.268Z'
}
{
  message: 'db connected',
  level: 'info',
  label: 'PH',
  timestamp: '2023-06-16T17:13:32.614Z'
}
{
  message: 'Application listening on port 5000',
  level: 'info',
  label: 'PH',
  timestamp: '2023-06-16T17:13:32.632Z'
}
{
  message: 'db connected',
  level: 'info',
  label: 'PH',
  timestamp: '2023-06-16T17:14:39.855Z'
}
{
  message: 'Application listening on port 5000',
  level: 'info',
  label: 'PH',
  timestamp: '2023-06-16T17:14:39.890Z'
}
{
  message: 'db connected',
  level: 'info',
  label: 'PH',
  timestamp: '2023-06-16T17:15:04.607Z'
}
{
  message: 'Application listening on port 5000',
  level: 'info',
  label: 'PH',
  timestamp: '2023-06-16T17:15:04.616Z'
}
{
  message: 'db connected',
  level: 'info',
  label: 'PH',
  timestamp: '2023-06-16T17:15:53.182Z'
}
{
  message: 'Application listening on port 5000',
  level: 'info',
  label: 'PH',
  timestamp: '2023-06-16T17:15:53.219Z'
}
{
  message: 'db connected',
  level: 'info',
  label: 'PH',
  timestamp: '2023-06-16T17:17:41.010Z'
}
{
  message: 'Application listening on port 5000',
  level: 'info',
  label: 'PH',
  timestamp: '2023-06-16T17:17:41.045Z'
}
{
  message: 'db connected',
  level: 'info',
  label: 'PH',
  timestamp: '2023-06-16T17:18:18.065Z'
}
{
  message: 'Application listening on port 5000',
  level: 'info',
  label: 'PH',
  timestamp: '2023-06-16T17:18:18.097Z'
}
{
  message: 'db connected',
  level: 'info',
  label: 'PH',
  timestamp: '2023-06-16T17:19:20.330Z'
}
{
  message: 'Application listening on port 5000',
  level: 'info',
  label: 'PH',
  timestamp: '2023-06-16T17:19:20.367Z'
}
{
  message: 'db connected',
  level: 'info',
  label: 'PH',
  timestamp: '2023-06-16T17:20:35.810Z'
}
{
  message: 'Application listening on port 5000',
  level: 'info',
  label: 'PH',
  timestamp: '2023-06-16T17:20:35.843Z'
}
{
  message: 'db connected',
  level: 'info',
  label: 'PH',
  timestamp: '2023-06-16T17:24:34.666Z'
}
{
  message: 'Application listening on port 5000',
  level: 'info',
  label: 'PH',
  timestamp: '2023-06-16T17:24:34.702Z'
}
{
  message: 'db connected',
  level: 'info',
  label: 'PH',
  timestamp: '2023-06-16T17:25:00.633Z'
}
{
  message: 'Application listening on port 5000',
  level: 'info',
  label: 'PH',
  timestamp: '2023-06-16T17:25:00.646Z'
}
{
  message: 'db connected',
  level: 'info',
  label: 'PH',
  timestamp: '2023-06-16T17:26:13.903Z'
}
{
  message: 'Application listening on port 5000',
  level: 'info',
  label: 'PH',
  timestamp: '2023-06-16T17:26:13.939Z'
}
{
  message: 'db connected',
  level: 'info',
  label: 'PH',
  timestamp: '2023-06-16T17:27:21.032Z'
}
{
  message: 'Application listening on port 5000',
  level: 'info',
  label: 'PH',
  timestamp: '2023-06-16T17:27:21.043Z'
}
{
  message: 'db connected',
  level: 'info',
  label: 'PH',
  timestamp: '2023-06-16T17:28:46.783Z'
}
{
  message: 'Application listening on port 5000',
  level: 'info',
  label: 'PH',
  timestamp: '2023-06-16T17:28:46.821Z'
}
{
  message: 'db connected',
  level: 'info',
  label: 'PH',
  timestamp: '2023-06-16T17:28:52.678Z'
}
{
  message: 'Application listening on port 5000',
  level: 'info',
  label: 'PH',
  timestamp: '2023-06-16T17:28:52.715Z'
}
{
  message: 'db connected',
  level: 'info',
  label: 'PH',
  timestamp: '2023-06-16T17:29:04.306Z'
}
{
  message: 'Application listening on port 5000',
  level: 'info',
  label: 'PH',
  timestamp: '2023-06-16T17:29:04.314Z'
}
{
  message: 'db connected',
  level: 'info',
  label: 'PH',
  timestamp: '2023-06-16T17:30:09.004Z'
}
{
  message: 'Application listening on port 5000',
  level: 'info',
  label: 'PH',
  timestamp: '2023-06-16T17:30:09.013Z'
}
{
  message: 'db connected',
  level: 'info',
  label: 'PH',
  timestamp: '2023-06-16T17:30:53.306Z'
}
{
  message: 'Application listening on port 5000',
  level: 'info',
  label: 'PH',
  timestamp: '2023-06-16T17:30:53.343Z'
}
{
  message: 'db connected',
  level: 'info',
  label: 'PH',
  timestamp: '2023-06-16T17:31:10.907Z'
}
{
  message: 'Application listening on port 5000',
  level: 'info',
  label: 'PH',
  timestamp: '2023-06-16T17:31:10.925Z'
}
{
  message: 'db connected',
  level: 'info',
  label: 'PH',
  timestamp: '2023-06-16T17:31:54.291Z'
}
{
  message: 'Application listening on port 5000',
  level: 'info',
  label: 'PH',
  timestamp: '2023-06-16T17:31:54.322Z'
}
{
  message: 'db connected',
  level: 'info',
  label: 'PH',
  timestamp: '2023-06-16T17:32:14.475Z'
}
{
  message: 'Application listening on port 5000',
  level: 'info',
  label: 'PH',
  timestamp: '2023-06-16T17:32:14.515Z'
}
{
  message: 'db connected',
  level: 'info',
  label: 'PH',
  timestamp: '2023-06-16T17:32:49.300Z'
}
{
  message: 'Application listening on port 5000',
  level: 'info',
  label: 'PH',
  timestamp: '2023-06-16T17:32:49.336Z'
}
{
  message: 'db connected',
  level: 'info',
  label: 'PH',
  timestamp: '2023-06-16T17:34:02.102Z'
}
{
  message: 'Application listening on port 5000',
  level: 'info',
  label: 'PH',
  timestamp: '2023-06-16T17:34:02.142Z'
}
{
  message: 'db connected',
  level: 'info',
  label: 'PH',
  timestamp: '2023-06-16T17:34:49.425Z'
}
{
  message: 'Application listening on port 5000',
  level: 'info',
  label: 'PH',
  timestamp: '2023-06-16T17:34:49.452Z'
}
{
  message: 'db connected',
  level: 'info',
  label: 'PH',
  timestamp: '2023-06-16T17:35:17.342Z'
}
{
  message: 'Application listening on port 5000',
  level: 'info',
  label: 'PH',
  timestamp: '2023-06-16T17:35:17.377Z'
}
{
  message: 'db connected',
  level: 'info',
  label: 'PH',
  timestamp: '2023-06-16T17:36:13.636Z'
}
{
  message: 'Application listening on port 5000',
  level: 'info',
  label: 'PH',
  timestamp: '2023-06-16T17:36:13.646Z'
}
{
  message: 'db connected',
  level: 'info',
  label: 'PH',
  timestamp: '2023-06-16T17:37:00.356Z'
}
{
  message: 'Application listening on port 5000',
  level: 'info',
  label: 'PH',
  timestamp: '2023-06-16T17:37:00.400Z'
}
{
  message: 'db connected',
  level: 'info',
  label: 'PH',
  timestamp: '2023-06-16T17:37:09.592Z'
}
{
  message: 'Application listening on port 5000',
  level: 'info',
  label: 'PH',
  timestamp: '2023-06-16T17:37:09.631Z'
}
{
  message: 'db connected',
  level: 'info',
  label: 'PH',
  timestamp: '2023-06-16T17:57:04.626Z'
}
{
  message: 'Application listening on port 5000',
  level: 'info',
  label: 'PH',
  timestamp: '2023-06-16T17:57:04.672Z'
}
