{
  message: 'db connected',
  level: 'info',
  label: 'PH',
  timestamp: '2023-06-16T15:00:33.825Z'
}
{
  message: 'Application listening on port 5000',
  level: 'info',
  label: 'PH',
  timestamp: '2023-06-16T15:00:33.858Z'
}
{
  message: 'db connected',
  level: 'info',
  label: 'PH',
  timestamp: '2023-06-16T15:02:53.133Z'
}
{
  message: 'Application listening on port 5000',
  level: 'info',
  label: 'PH',
  timestamp: '2023-06-16T15:02:53.166Z'
}
{
  message: 'db connected',
  level: 'info',
  label: 'PH',
  timestamp: '2023-06-16T15:13:14.057Z'
}
{
  message: 'Application listening on port 5000',
  level: 'info',
  label: 'PH',
  timestamp: '2023-06-16T15:13:14.087Z'
}
{
  message: 'db connected',
  level: 'info',
  label: 'PH',
  timestamp: '2023-06-16T15:15:13.555Z'
}
{
  message: 'Application listening on port 5000',
  level: 'info',
  label: 'PH',
  timestamp: '2023-06-16T15:15:13.595Z'
}
{
  message: 'db connected',
  level: 'info',
  label: 'PH',
  timestamp: '2023-06-16T15:15:58.425Z'
}
{
  message: 'Application listening on port 5000',
  level: 'info',
  label: 'PH',
  timestamp: '2023-06-16T15:15:58.453Z'
}
{
  message: 'db connected',
  level: 'info',
  label: 'PH',
  timestamp: '2023-06-16T15:16:17.740Z'
}
{
  message: 'Application listening on port 5000',
  level: 'info',
  label: 'PH',
  timestamp: '2023-06-16T15:16:17.773Z'
}
{
  message: 'db connected',
  level: 'info',
  label: 'PH',
  timestamp: '2023-06-16T15:17:46.079Z'
}
{
  message: 'Application listening on port 5000',
  level: 'info',
  label: 'PH',
  timestamp: '2023-06-16T15:17:46.110Z'
}
{
  message: 'db connected',
  level: 'info',
  label: 'PH',
  timestamp: '2023-06-16T15:18:10.154Z'
}
{
  message: 'Application listening on port 5000',
  level: 'info',
  label: 'PH',
  timestamp: '2023-06-16T15:18:10.199Z'
}
