{
  message: 'db connected',
  level: 'info',
  label: 'PH',
  timestamp: '2023-06-17T05:50:44.220Z'
}
{
  message: 'Application listening on port 5000',
  level: 'info',
  label: 'PH',
  timestamp: '2023-06-17T05:50:44.266Z'
}
{
  message: 'db connected',
  level: 'info',
  label: 'PH',
  timestamp: '2023-06-17T05:51:14.641Z'
}
{
  message: 'Application listening on port 5000',
  level: 'info',
  label: 'PH',
  timestamp: '2023-06-17T05:51:14.658Z'
}
{
  message: 'db connected',
  level: 'info',
  label: 'PH',
  timestamp: '2023-06-17T05:55:45.024Z'
}
{
  message: 'Application listening on port 5000',
  level: 'info',
  label: 'PH',
  timestamp: '2023-06-17T05:55:45.048Z'
}
