{
  message: 'db connected',
  level: 'info',
  label: 'PH',
  timestamp: '2023-06-16T05:26:46.143Z'
}
{
  message: 'Application listening on port 5000',
  level: 'info',
  label: 'PH',
  timestamp: '2023-06-16T05:26:46.177Z'
}
{
  message: 'db connected',
  level: 'info',
  label: 'PH',
  timestamp: '2023-06-16T05:27:11.032Z'
}
{
  message: 'Application listening on port 5000',
  level: 'info',
  label: 'PH',
  timestamp: '2023-06-16T05:27:11.070Z'
}
{
  message: 'db connected',
  level: 'info',
  label: 'PH',
  timestamp: '2023-06-16T05:28:37.870Z'
}
{
  message: 'Application listening on port 5000',
  level: 'info',
  label: 'PH',
  timestamp: '2023-06-16T05:28:37.918Z'
}
{
  message: 'db connected',
  level: 'info',
  label: 'PH',
  timestamp: '2023-06-16T05:28:59.655Z'
}
{
  message: 'Application listening on port 5000',
  level: 'info',
  label: 'PH',
  timestamp: '2023-06-16T05:28:59.677Z'
}
